app/build/outputs/mapping/release/seeds.txt
dev.matejgroombridge.store.data.model.AppManifest$$serializer
dev.matejgroombridge.store.data.model.AppManifest
dev.matejgroombridge.store.data.model.AppEntry$Companion
dev.matejgroombridge.store.data.model.AppEntry$$serializer
dev.matejgroombridge.store.data.model.AppManifest$Companion
dev.matejgroombridge.store.StoreApplication
dev.matejgroombridge.store.work.UpdateCheckWorker
dev.matejgroombridge.store.MainActivity
dev.matejgroombridge.store.data.model.AppEntry
dev.matejgroombridge.store.data.model.AppEntry$$serializer: int $stable
dev.matejgroombridge.store.data.model.AppManifest$$serializer: int $stable
dev.matejgroombridge.store.data.model.AppEntry$$serializer: dev.matejgroombridge.store.data.model.AppEntry$$serializer INSTANCE
dev.matejgroombridge.store.data.model.AppManifest$$serializer: kotlinx.serialization.descriptors.SerialDescriptor descriptor
dev.matejgroombridge.store.data.model.AppEntry: dev.matejgroombridge.store.data.model.AppEntry$Companion Companion
dev.matejgroombridge.store.ui.components.ButtonModel: dev.matejgroombridge.store.ui.components.ButtonModel$Companion Companion
dev.matejgroombridge.store.data.model.AppManifest: dev.matejgroombridge.store.data.model.AppManifest$Companion Companion
dev.matejgroombridge.store.ui.StoreViewModel: dev.matejgroombridge.store.ui.StoreViewModel$Companion Companion
dev.matejgroombridge.store.data.model.AppManifest$$serializer: dev.matejgroombridge.store.data.model.AppManifest$$serializer INSTANCE
dev.matejgroombridge.store.data.model.AppEntry$$serializer: kotlinx.serialization.descriptors.SerialDescriptor descriptor
dev.matejgroombridge.store.work.UpdateCheckWorker: dev.matejgroombridge.store.work.UpdateCheckWorker$Companion Companion
dev.matejgroombridge.store.StoreApplication: StoreApplication()
dev.matejgroombridge.store.data.model.AppEntry$$serializer: AppEntry$$serializer()
dev.matejgroombridge.store.ui.theme.ThemeMode: dev.matejgroombridge.store.ui.theme.ThemeMode[] values()
dev.matejgroombridge.store.data.model.AppManifest$$serializer: AppManifest$$serializer()
dev.matejgroombridge.store.work.UpdateCheckWorker: UpdateCheckWorker(android.content.Context,androidx.work.WorkerParameters)
dev.matejgroombridge.store.data.model.AppEntry$$serializer: kotlinx.serialization.descriptors.SerialDescriptor getDescriptor()
dev.matejgroombridge.store.data.model.AppManifest$$serializer: kotlinx.serialization.descriptors.SerialDescriptor getDescriptor()
dev.matejgroombridge.store.data.model.AppManifest$$serializer: void serialize(kotlinx.serialization.encoding.Encoder,java.lang.Object)
dev.matejgroombridge.store.data.model.AppEntry$$serializer: java.lang.Object deserialize(kotlinx.serialization.encoding.Decoder)
dev.matejgroombridge.store.data.model.AppManifest$$serializer: java.lang.Object deserialize(kotlinx.serialization.encoding.Decoder)
dev.matejgroombridge.store.MainActivity: MainActivity()
dev.matejgroombridge.store.data.model.AppEntry$Companion: kotlinx.serialization.KSerializer serializer()
dev.matejgroombridge.store.data.model.AppManifest$Companion: kotlinx.serialization.KSerializer serializer()
dev.matejgroombridge.store.data.model.AppManifest$$serializer: dev.matejgroombridge.store.data.model.AppManifest deserialize(kotlinx.serialization.encoding.Decoder)
dev.matejgroombridge.store.data.model.AppEntry$$serializer: void serialize(kotlinx.serialization.encoding.Encoder,dev.matejgroombridge.store.data.model.AppEntry)
dev.matejgroombridge.store.data.model.AppManifest$$serializer: kotlinx.serialization.KSerializer[] typeParametersSerializers()
dev.matejgroombridge.store.data.model.AppEntry$$serializer: dev.matejgroombridge.store.data.model.AppEntry deserialize(kotlinx.serialization.encoding.Decoder)
dev.matejgroombridge.store.data.model.AppEntry$$serializer: kotlinx.serialization.KSerializer[] childSerializers()
dev.matejgroombridge.store.ui.theme.ThemeMode: dev.matejgroombridge.store.ui.theme.ThemeMode valueOf(java.lang.String)
...
androidx.compose.runtime.InvalidationResult: androidx.compose.runtime.InvalidationResult[] values()
androidx.compose.ui.graphics.layer.RenderNodeVerificationHelper23: void destroyDisplayListData(android.view.RenderNode)
androidx.compose.ui.autofill.AutofillType: androidx.compose.ui.autofill.AutofillType[] values()
androidx.work.impl.foreground.SystemForegroundService: SystemForegroundService()
androidx.compose.ui.autofill.AutofillApi26Helper: void setAutofillId(android.view.ViewStructure,android.view.autofill.AutofillId,int)
androidx.compose.foundation.text.input.internal.HandwritingGestureApi34: void previewSelectRangeGesture(androidx.compose.foundation.text.LegacyTextFieldState,android.view.inputmethod.SelectRangeGesture,androidx.compose.foundation.text.selection.TextFieldSelectionManager)
io.ktor.util.date.WeekDay: io.ktor.util.date.WeekDay[] values()
kotlinx.serialization.json.internal.WriteMode: kotlinx.serialization.json.internal.WriteMode valueOf(java.lang.String)
androidx.core.app.RemoteActionCompatParcelizer: androidx.core.app.RemoteActionCompat read(androidx.versionedparcelable.VersionedParcel)
kotlin.collections.AbstractMutableList: AbstractMutableList()
androidx.compose.ui.text.android.StaticLayoutFactory23: android.text.StaticLayout create(androidx.compose.ui.text.android.StaticLayoutParams)
androidx.vectordrawable.graphics.drawable.VectorDrawableCompat$VGroup: void setPivotY(float)
androidx.compose.ui.graphics.ColorSpaceVerificationHelper: android.graphics.ColorSpace androidColorSpace(androidx.compose.ui.graphics.colorspace.ColorSpace)
androidx.compose.ui.text.android.CanvasCompatS: void drawGlyphs(android.graphics.Canvas,int[],int,float[],int,int,android.graphics.fonts.Font,android.graphics.Paint)
androidx.compose.ui.node.TraversableNode$Companion$TraverseDescendantsAction: androidx.compose.ui.node.TraversableNode$Companion$TraverseDescendantsAction valueOf(java.lang.String)
androidx.compose.foundation.text.input.internal.HandwritingGestureApi34: boolean previewHandwritingGesture$foundation_release(androidx.compose.foundation.text.input.internal.TransformedTextFieldState,android.view.inputmethod.PreviewableHandwritingGesture,androidx.compose.foundation.text.input.internal.TextLayoutState,android.os.CancellationSignal)
androidx.compose.ui.text.android.CanvasCompatR: boolean quickReject(android.graphics.Canvas,float,float,float,float)
androidx.appcompat.resources.Compatibility$Api21Impl: void inflate(android.graphics.drawable.Drawable,android.content.res.Resources,org.xmlpull.v1.XmlPullParser,android.util.AttributeSet,android.content.res.Resources$Theme)
androidx.compose.ui.platform.AndroidComposeView: androidx.compose.ui.platform.SoftwareKeyboardController getSoftwareKeyboardController()
androidx.core.view.WindowInsetsCompat$Impl28: boolean equals(java.lang.Object)
androidx.compose.material3.ScaffoldLayoutContent: androidx.compose.material3.ScaffoldLayoutContent valueOf(java.lang.String)
androidx.lifecycle.ProcessLifecycleOwner$attach$1$onActivityPreCreated$1: void onActivityPostStarted(android.app.Activity)
androidx.compose.foundation.text.input.internal.HandwritingGestureApi34: int fallbackOnLegacyTextField(android.view.inputmethod.HandwritingGesture,kotlin.jvm.functions.Function1)
androidx.compose.ui.platform.ViewLayer: void setInvalidated(boolean)
androidx.compose.ui.window.PopupLayout: void setContent(kotlin.jvm.functions.Function2)
kotlinx.coroutines.android.AndroidExceptionPreHandler: AndroidExceptionPreHandler()
androidx.work.BackoffPolicy: androidx.work.BackoffPolicy[] values()
androidx.datastore.preferences.protobuf.Writer$FieldOrder: androidx.datastore.preferences.protobuf.Writer$FieldOrder[] values()
androidx.compose.foundation.text.input.internal.CursorAnchorInfoApi33Helper: android.view.inputmethod.CursorAnchorInfo$Builder setEditorBoundsInfo(android.view.inputmethod.CursorAnchorInfo$Builder,androidx.compose.ui.geometry.Rect)